[0m[[0m[0mdebug[0m] [0m[0m> Exec(publishLocal, None, None)[0m
[0m[[0m[0mdebug[0m] [0m[0mEvaluating tasks: publishLocal[0m
[0m[[0m[0mdebug[0m] [0m[0mRunning task... Cancel: Signal, check cycles: false, forcegc: true[0m
[0m[[0m[0minfo[0m] [0m[0mWrote /Users/kevin/Documents/VUB/Phd/Programming/Scala/CRDT Proofs/target/scala-2.13/crdt-proofs_2.13-0.1.pom[0m
[0m[[0m[33mwarn[0m] [0m[0mThere may be incompatibilities among your library dependencies; run 'evicted' to see detailed eviction warnings.[0m
[0m[[0m[0minfo[0m] [0m[0mMain Scala API documentation to /Users/kevin/Documents/VUB/Phd/Programming/Scala/CRDT Proofs/target/scala-2.13/api...[0m
[0m[[0m[0minfo[0m] [0m[0mcompiling 1 Scala source to /Users/kevin/Documents/VUB/Phd/Programming/Scala/CRDT Proofs/target/scala-2.13/classes ...[0m
[0m[[0m[0minfo[0m] [0m[0mMain Scala API documentation successful.[0m
[0m[[0m[0minfo[0m] [0m[0mdone compiling[0m
[0m[[0m[0minfo[0m] [0m[0m:: delivering :: be.vub.kdeporre#crdt-proofs_2.13;0.1 :: 0.1 :: release :: Tue Aug 17 15:55:24 CEST 2021[0m
[0m[[0m[0minfo[0m] [0m[0m	delivering ivy file to /Users/kevin/Documents/VUB/Phd/Programming/Scala/CRDT Proofs/target/scala-2.13/ivy-0.1.xml[0m
[0m[[0m[33mwarn[0m] [0m[0mAttempting to overwrite /Users/kevin/.ivy2/local/be.vub.kdeporre/crdt-proofs_2.13/0.1/poms/crdt-proofs_2.13.pom (non-SNAPSHOT)[0m
[0m[[0m[33mwarn[0m] [0m[0m	You need to remove it from the cache manually to take effect.[0m
[0m[[0m[33mwarn[0m] [0m[0mAttempting to overwrite /Users/kevin/.ivy2/local/be.vub.kdeporre/crdt-proofs_2.13/0.1/poms/crdt-proofs_2.13.pom.sha1 (non-SNAPSHOT)[0m
[0m[[0m[33mwarn[0m] [0m[0m	You need to remove it from the cache manually to take effect.[0m
[0m[[0m[33mwarn[0m] [0m[0mAttempting to overwrite /Users/kevin/.ivy2/local/be.vub.kdeporre/crdt-proofs_2.13/0.1/poms/crdt-proofs_2.13.pom.md5 (non-SNAPSHOT)[0m
[0m[[0m[33mwarn[0m] [0m[0m	You need to remove it from the cache manually to take effect.[0m
[0m[[0m[0minfo[0m] [0m[0m	published crdt-proofs_2.13 to /Users/kevin/.ivy2/local/be.vub.kdeporre/crdt-proofs_2.13/0.1/poms/crdt-proofs_2.13.pom[0m
[0m[[0m[33mwarn[0m] [0m[0mAttempting to overwrite /Users/kevin/.ivy2/local/be.vub.kdeporre/crdt-proofs_2.13/0.1/jars/crdt-proofs_2.13.jar (non-SNAPSHOT)[0m
[0m[[0m[33mwarn[0m] [0m[0m	You need to remove it from the cache manually to take effect.[0m
[0m[[0m[33mwarn[0m] [0m[0mAttempting to overwrite /Users/kevin/.ivy2/local/be.vub.kdeporre/crdt-proofs_2.13/0.1/jars/crdt-proofs_2.13.jar.sha1 (non-SNAPSHOT)[0m
[0m[[0m[33mwarn[0m] [0m[0m	You need to remove it from the cache manually to take effect.[0m
[0m[[0m[33mwarn[0m] [0m[0mAttempting to overwrite /Users/kevin/.ivy2/local/be.vub.kdeporre/crdt-proofs_2.13/0.1/jars/crdt-proofs_2.13.jar.md5 (non-SNAPSHOT)[0m
[0m[[0m[33mwarn[0m] [0m[0m	You need to remove it from the cache manually to take effect.[0m
[0m[[0m[0minfo[0m] [0m[0m	published crdt-proofs_2.13 to /Users/kevin/.ivy2/local/be.vub.kdeporre/crdt-proofs_2.13/0.1/jars/crdt-proofs_2.13.jar[0m
[0m[[0m[33mwarn[0m] [0m[0mAttempting to overwrite /Users/kevin/.ivy2/local/be.vub.kdeporre/crdt-proofs_2.13/0.1/srcs/crdt-proofs_2.13-sources.jar (non-SNAPSHOT)[0m
[0m[[0m[33mwarn[0m] [0m[0m	You need to remove it from the cache manually to take effect.[0m
[0m[[0m[33mwarn[0m] [0m[0mAttempting to overwrite /Users/kevin/.ivy2/local/be.vub.kdeporre/crdt-proofs_2.13/0.1/srcs/crdt-proofs_2.13-sources.jar.sha1 (non-SNAPSHOT)[0m
[0m[[0m[33mwarn[0m] [0m[0m	You need to remove it from the cache manually to take effect.[0m
[0m[[0m[33mwarn[0m] [0m[0mAttempting to overwrite /Users/kevin/.ivy2/local/be.vub.kdeporre/crdt-proofs_2.13/0.1/srcs/crdt-proofs_2.13-sources.jar.md5 (non-SNAPSHOT)[0m
[0m[[0m[33mwarn[0m] [0m[0m	You need to remove it from the cache manually to take effect.[0m
[0m[[0m[0minfo[0m] [0m[0m	published crdt-proofs_2.13 to /Users/kevin/.ivy2/local/be.vub.kdeporre/crdt-proofs_2.13/0.1/srcs/crdt-proofs_2.13-sources.jar[0m
[0m[[0m[33mwarn[0m] [0m[0mAttempting to overwrite /Users/kevin/.ivy2/local/be.vub.kdeporre/crdt-proofs_2.13/0.1/docs/crdt-proofs_2.13-javadoc.jar (non-SNAPSHOT)[0m
[0m[[0m[33mwarn[0m] [0m[0m	You need to remove it from the cache manually to take effect.[0m
[0m[[0m[33mwarn[0m] [0m[0mAttempting to overwrite /Users/kevin/.ivy2/local/be.vub.kdeporre/crdt-proofs_2.13/0.1/docs/crdt-proofs_2.13-javadoc.jar.sha1 (non-SNAPSHOT)[0m
[0m[[0m[33mwarn[0m] [0m[0m	You need to remove it from the cache manually to take effect.[0m
[0m[[0m[33mwarn[0m] [0m[0mAttempting to overwrite /Users/kevin/.ivy2/local/be.vub.kdeporre/crdt-proofs_2.13/0.1/docs/crdt-proofs_2.13-javadoc.jar.md5 (non-SNAPSHOT)[0m
[0m[[0m[33mwarn[0m] [0m[0m	You need to remove it from the cache manually to take effect.[0m
[0m[[0m[0minfo[0m] [0m[0m	published crdt-proofs_2.13 to /Users/kevin/.ivy2/local/be.vub.kdeporre/crdt-proofs_2.13/0.1/docs/crdt-proofs_2.13-javadoc.jar[0m
[0m[[0m[33mwarn[0m] [0m[0mAttempting to overwrite /Users/kevin/.ivy2/local/be.vub.kdeporre/crdt-proofs_2.13/0.1/ivys/ivy.xml (non-SNAPSHOT)[0m
[0m[[0m[33mwarn[0m] [0m[0m	You need to remove it from the cache manually to take effect.[0m
[0m[[0m[33mwarn[0m] [0m[0mAttempting to overwrite /Users/kevin/.ivy2/local/be.vub.kdeporre/crdt-proofs_2.13/0.1/ivys/ivy.xml.sha1 (non-SNAPSHOT)[0m
[0m[[0m[33mwarn[0m] [0m[0m	You need to remove it from the cache manually to take effect.[0m
[0m[[0m[33mwarn[0m] [0m[0mAttempting to overwrite /Users/kevin/.ivy2/local/be.vub.kdeporre/crdt-proofs_2.13/0.1/ivys/ivy.xml.md5 (non-SNAPSHOT)[0m
[0m[[0m[33mwarn[0m] [0m[0m	You need to remove it from the cache manually to take effect.[0m
[0m[[0m[0minfo[0m] [0m[0m	published ivy to /Users/kevin/.ivy2/local/be.vub.kdeporre/crdt-proofs_2.13/0.1/ivys/ivy.xml[0m
[0m[[0m[32msuccess[0m] [0m[0mTotal time: 6 s, completed Aug 17, 2021, 3:55:24 PM[0m
[0m[[0m[0mdebug[0m] [0m[0m> Exec(idea-shell, None, None)[0m
